<?xml version="1.0" encoding="UTF-8"?>
<testng-results ignored="0" total="1" passed="1" failed="0" skipped="0">
  <reporter-output>
  </reporter-output>
  <suite started-at="2023-01-05T12:16:47 CET" name="Default suite" finished-at="2023-01-05T12:16:50 CET" duration-ms="2914">
    <groups>
    </groups>
    <test started-at="2023-01-05T12:16:47 CET" name="Default test" finished-at="2023-01-05T12:16:50 CET" duration-ms="2914">
      <class name="basicweb.test">
        <test-method signature="test1()[pri:0, instance:basicweb.test@67c27493]" started-at="2023-01-05T12:16:47 CET" name="test1" finished-at="2023-01-05T12:16:50 CET" duration-ms="2861" status="PASS">
          <reporter-output>
          </reporter-output>
        </test-method> <!-- test1 -->
      </class> <!-- basicweb.test -->
    </test> <!-- Default test -->
  </suite> <!-- Default suite -->
</testng-results>
